<?xml version="1.0" encoding="UTF-8"?>
<!-- Generated by org.testng.reporters.JUnitXMLReporter -->
<testsuite ignored="0" hostname="ip-10-1-1-135.us-west-2.compute.internal" failures="1" tests="8" name="Smoke Test" time="61.529" errors="0" timestamp="15 Oct 2018 17:42:33 GMT">
  <testcase classname="com.clip.framework.MainDriver" name="@AfterClass closeBrowser" time="0.001">
    <failure type="java.lang.IllegalStateException" message="Could not close browser java.lang.NullPointerException">
      <![CDATA[java.lang.IllegalStateException: Could not close browser java.lang.NullPointerException
at com.clip.framework.MainDriver.closeBrowser(MainDriver.java:193)
at java.base/java.util.concurrent.FutureTask.run(FutureTask.java:264)
at java.base/java.util.concurrent.ThreadPoolExecutor.runWorker(ThreadPoolExecutor.java:1167)
at java.base/java.util.concurrent.ThreadPoolExecutor$Worker.run(ThreadPoolExecutor.java:641)
at java.base/java.lang.Thread.run(Thread.java:844)
... Removed 17 stack frames]]>
    </failure>
  </testcase> <!-- @AfterClass closeBrowser -->
  <testcase classname="com.clip.tests.logistics.SmokeTest" name="login" time="0.023">
    <failure type="java.lang.IllegalStateException" message="Could not login java.lang.NullPointerException">
      <![CDATA[java.lang.IllegalStateException: Could not login java.lang.NullPointerException
at com.clip.tests.logistics.SmokeTest.login(SmokeTest.java:55)
at java.base/java.util.concurrent.FutureTask.run(FutureTask.java:264)
at java.base/java.util.concurrent.ThreadPoolExecutor.runWorker(ThreadPoolExecutor.java:1167)
at java.base/java.util.concurrent.ThreadPoolExecutor$Worker.run(ThreadPoolExecutor.java:641)
at java.base/java.lang.Thread.run(Thread.java:844)
... Removed 16 stack frames]]>
    </failure>
  </testcase> <!-- login -->
  <testcase classname="com.clip.tests.logistics.SmokeTest" name="createNewOrder" time="0.0">
    <skipped/>
  </testcase> <!-- createNewOrder -->
  <testcase classname="com.clip.tests.logistics.SmokeTest" name="labelTesting" time="0.0">
    <skipped/>
  </testcase> <!-- labelTesting -->
  <testcase classname="com.clip.tests.logistics.SmokeTest" name="payByCard" time="0.0">
    <skipped/>
  </testcase> <!-- payByCard -->
  <testcase classname="com.clip.tests.logistics.SmokeTest" name="testCHRegular" time="0.0">
    <skipped/>
  </testcase> <!-- testCHRegular -->
  <testcase classname="com.clip.tests.logistics.SmokeTest" name="testCHSales" time="0.0">
    <skipped/>
  </testcase> <!-- testCHSales -->
  <testcase classname="com.clip.tests.logistics.SmokeTest" name="testCHSupervisor" time="0.0">
    <skipped/>
  </testcase> <!-- testCHSupervisor -->
  <testcase classname="com.clip.tests.logistics.SmokeTest" name="testCHMaster" time="0.0">
    <skipped/>
  </testcase> <!-- testCHMaster -->
</testsuite> <!-- Smoke Test -->
